<?xml version="1.0" encoding="UTF-8"?>
<!-- Generated by org.testng.reporters.JUnitReportReporter -->
<testsuite hostname="Unknown.gateway" failures="0" tests="1" name="beta.Demob" time="0.015" errors="0" timestamp="2019-11-13T18:18:49 AEDT" skipped="0">
  <testcase classname="beta.Demob" name="logtest" time="0.015"/>
</testsuite> <!-- beta.Demob -->
