<?xml version="1.0" encoding="UTF-8"?>
<!-- Generated by org.testng.reporters.JUnitReportReporter -->
<testsuite hostname="Shridhars-MBP-2.gateway" failures="0" tests="1" name="APItesting.APItesting.basics3" time="2.523" errors="0" timestamp="2019-11-01T23:23:29 AEDT" skipped="0">
  <testcase classname="APItesting.APItesting.basics3" name="AddandDeletePlace" time="2.523"/>
</testsuite> <!-- APItesting.APItesting.basics3 -->
