<?xml version="1.0" encoding="UTF-8"?>
<!-- Generated by org.testng.reporters.JUnitReportReporter -->
<testsuite hostname="Unknown.gateway" failures="0" tests="1" name="APItesting.APItesting.createPlaceAPI" time="1.967" errors="0" timestamp="2019-11-01T22:09:46 AEDT" skipped="0">
  <testcase classname="APItesting.APItesting.createPlaceAPI" name="createPlaceAPI" time="1.967"/>
</testsuite> <!-- APItesting.APItesting.createPlaceAPI -->
