<?xml version="1.0" encoding="UTF-8"?>
<!-- Generated by org.testng.reporters.JUnitReportReporter -->
<testsuite hostname="SHRIDHARS-MBP-2.gateway" failures="0" tests="1" name="APItesting.APItesting.saig" time="2.829" errors="0" timestamp="2019-11-03T13:31:59 AEDT" skipped="0">
  <testcase classname="APItesting.APItesting.saig" name="getPlaceAPI" time="2.829"/>
</testsuite> <!-- APItesting.APItesting.saig -->
