<?xml version="1.0" encoding="UTF-8"?>
<!-- Generated by org.testng.reporters.JUnitReportReporter -->
<testsuite hostname="Shridhars-MacBook-Pro-2.local" failures="0" tests="1" name="APItesting.APItesting.createPlaceAPIxml" time="2.166" errors="0" timestamp="2019-11-02T09:31:33 AEDT" skipped="0">
  <testcase classname="APItesting.APItesting.createPlaceAPIxml" name="createPlaceAPI" time="2.166"/>
</testsuite> <!-- APItesting.APItesting.createPlaceAPIxml -->
