<?xml version="1.0" encoding="UTF-8"?>
<!-- Generated by org.testng.reporters.JUnitReportReporter -->
<testsuite hostname="SHRIDHARS-MBP-2.gateway" failures="0" tests="1" name="APItesting.APItesting.shribabu" time="9.227" errors="1" timestamp="2019-11-03T18:01:56 AEDT" skipped="0">
  <testcase classname="APItesting.APItesting.shribabu" name="getAccessToken" time="9.227">
    <error type="java.lang.StackOverflowError">
      <![CDATA[java.lang.StackOverflowError
at java.base/java.lang.reflect.Executable.getAnnotation(Executable.java:573)
at java.base/java.lang.reflect.Method.getAnnotation(Method.java:693)
at java.base/java.lang.reflect.AnnotatedElement.isAnnotationPresent(AnnotatedElement.java:274)
at java.base/java.lang.reflect.AccessibleObject.isAnnotationPresent(AccessibleObject.java:514)
at org.json.JSONObject.getAnnotationDepth(JSONObject.java:1613)
at org.json.JSONObject.getKeyNameFromMethod(JSONObject.java:1504)
at org.json.JSONObject.populateMap(JSONObject.java:1474)
at org.json.JSONObject.<init>(JSONObject.java:364)
at org.json.JSONObject.wrap(JSONObject.java:2374)
at org.json.JSONArray.<init>(JSONArray.java:200)
at org.json.JSONObject.wrap(JSONObject.java:2360)
at org.json.JSONObject.populateMap(JSONObject.java:1479)
at org.json.JSONObject.<init>(JSONObject.java:364)
at org.json.JSONObject.wrap(JSONObject.java:2374)
at org.json.JSONArray.<init>(JSONArray.java:200)
at org.json.JSONObject.wrap(JSONObject.java:2360)
at org.json.JSONObject.populateMap(JSONObject.java:1479)
at org.json.JSONObject.<init>(JSONObject.java:364)
at org.json.JSONObject.wrap(JSONObject.java:2374)
at org.json.JSONArray.<init>(JSONArray.java:200)
at org.json.JSONObject.wrap(JSONObject.java:2360)
at org.json.JSONObject.populateMap(JSONObject.java:1479)
at org.json.JSONObject.<init>(JSONObject.java:364)
at org.json.JSONObject.wrap(JSONObject.java:2374)
at org.json.JSONArray.<init>(JSONArray.java:200)
at org.json.JSONObject.wrap(JSONObject.java:2360)
at org.json.JSONObject.populateMap(JSONObject.java:1479)
at org.json.JSONObject.<init>(JSONObject.java:364)
at org.json.JSONObject.wrap(JSONObject.java:2374)
at org.json.JSONArray.<init>(JSONArray.java:200)
at org.json.JSONObject.wrap(JSONObject.java:2360)
at org.json.JSONObject.populateMap(JSONObject.java:1479)
at org.json.JSONObject.<init>(JSONObject.java:364)
at org.json.JSONObject.wrap(JSONObject.java:2374)
at org.json.JSONArray.<init>(JSONArray.java:200)
at org.json.JSONObject.wrap(JSONObject.java:2360)
at org.json.JSONObject.populateMap(JSONObject.java:1479)
at org.json.JSONObject.<init>(JSONObject.java:364)
at org.json.JSONObject.wrap(JSONObject.java:2374)
at org.json.JSONArray.<init>(JSONArray.java:200)
at org.json.JSONObject.wrap(JSONObject.java:2360)
at org.json.JSONObject.populateMap(JSONObject.java:1479)
at org.json.JSONObject.<init>(JSONObject.java:364)
at org.json.JSONObject.wrap(JSONObject.java:2374)
at org.json.JSONArray.<init>(JSONArray.java:200)
at org.json.JSONObject.wrap(JSONObject.java:2360)
at org.json.JSONObject.populateMap(JSONObject.java:1479)
at org.json.JSONObject.<init>(JSONObject.java:364)
at org.json.JSONObject.wrap(JSONObject.java:2374)
at org.json.JSONArray.<init>(JSONArray.java:200)
at org.json.JSONObject.wrap(JSONObject.java:2360)
at org.json.JSONObject.populateMap(JSONObject.java:1479)
at org.json.JSONObject.<init>(JSONObject.java:364)
at org.json.JSONObject.wrap(JSONObject.java:2374)
at org.json.JSONArray.<init>(JSONArray.java:200)
at org.json.JSONObject.wrap(JSONObject.java:2360)
at org.json.JSONObject.populateMap(JSONObject.java:1479)
at org.json.JSONObject.<init>(JSONObject.java:364)
at org.json.JSONObject.wrap(JSONObject.java:2374)
at org.json.JSONArray.<init>(JSONArray.java:200)
at org.json.JSONObject.wrap(JSONObject.java:2360)
at org.json.JSONObject.populateMap(JSONObject.java:1479)
at org.json.JSONObject.<init>(JSONObject.java:364)
at org.json.JSONObject.wrap(JSONObject.java:2374)
at org.json.JSONArray.<init>(JSONArray.java:200)
at org.json.JSONObject.wrap(JSONObject.java:2360)
at org.json.JSONObject.populateMap(JSONObject.java:1479)
at org.json.JSONObject.<init>(JSONObject.java:364)
at org.json.JSONObject.wrap(JSONObject.java:2374)
at org.json.JSONArray.<init>(JSONArray.java:200)
at org.json.JSONObject.wrap(JSONObject.java:2360)
at org.json.JSONObject.populateMap(JSONObject.java:1479)
at org.json.JSONObject.<init>(JSONObject.java:364)
at org.json.JSONObject.wrap(JSONObject.java:2374)
at org.json.JSONArray.<init>(JSONArray.java:200)
at org.json.JSONObject.wrap(JSONObject.java:2360)
at org.json.JSONObject.populateMap(JSONObject.java:1479)
at org.json.JSONObject.<init>(JSONObject.java:364)
at org.json.JSONObject.wrap(JSONObject.java:2374)
at org.json.JSONArray.<init>(JSONArray.java:200)
at org.json.JSONObject.wrap(JSONObject.java:2360)
at org.json.JSONObject.populateMap(JSONObject.java:1479)
at org.json.JSONObject.<init>(JSONObject.java:364)
at org.json.JSONObject.wrap(JSONObject.java:2374)
at org.json.JSONArray.<init>(JSONArray.java:200)
at org.json.JSONObject.wrap(JSONObject.java:2360)
at org.json.JSONObject.populateMap(JSONObject.java:1479)
at org.json.JSONObject.<init>(JSONObject.java:364)
at org.json.JSONObject.wrap(JSONObject.java:2374)
at org.json.JSONArray.<init>(JSONArray.java:200)
at org.json.JSONObject.wrap(JSONObject.java:2360)
at org.json.JSONObject.populateMap(JSONObject.java:1479)
at org.json.JSONObject.<init>(JSONObject.java:364)
at org.json.JSONObject.wrap(JSONObject.java:2374)
at org.json.JSONArray.<init>(JSONArray.java:200)
at org.json.JSONObject.wrap(JSONObject.java:2360)
at org.json.JSONObject.populateMap(JSONObject.java:1479)
at org.json.JSONObject.<init>(JSONObject.java:364)
at org.json.JSONObject.wrap(JSONObject.java:2374)
at org.json.JSONArray.<init>(JSONArray.java:200)
at org.json.JSONObject.wrap(JSONObject.java:2360)
at org.json.JSONObject.populateMap(JSONObject.java:1479)
at org.json.JSONObject.<init>(JSONObject.java:364)
at org.json.JSONObject.wrap(JSONObject.java:2374)
at org.json.JSONArray.<init>(JSONArray.java:200)
at org.json.JSONObject.wrap(JSONObject.java:2360)
at org.json.JSONObject.populateMap(JSONObject.java:1479)
at org.json.JSONObject.<init>(JSONObject.java:364)
at org.json.JSONObject.wrap(JSONObject.java:2374)
at org.json.JSONArray.<init>(JSONArray.java:200)
at org.json.JSONObject.wrap(JSONObject.java:2360)
at org.json.JSONObject.populateMap(JSONObject.java:1479)
at org.json.JSONObject.<init>(JSONObject.java:364)
at org.json.JSONObject.wrap(JSONObject.java:2374)
at org.json.JSONArray.<init>(JSONArray.java:200)
at org.json.JSONObject.wrap(JSONObject.java:2360)
at org.json.JSONObject.populateMap(JSONObject.java:1479)
at org.json.JSONObject.<init>(JSONObject.java:364)
at org.json.JSONObject.wrap(JSONObject.java:2374)
at org.json.JSONArray.<init>(JSONArray.java:200)
at org.json.JSONObject.wrap(JSONObject.java:2360)
at org.json.JSONObject.populateMap(JSONObject.java:1479)
at org.json.JSONObject.<init>(JSONObject.java:364)
at org.json.JSONObject.wrap(JSONObject.java:2374)
at org.json.JSONArray.<init>(JSONArray.java:200)
at org.json.JSONObject.wrap(JSONObject.java:2360)
at org.json.JSONObject.populateMap(JSONObject.java:1479)
at org.json.JSONObject.<init>(JSONObject.java:364)
at org.json.JSONObject.wrap(JSONObject.java:2374)
at org.json.JSONArray.<init>(JSONArray.java:200)
at org.json.JSONObject.wrap(JSONObject.java:2360)
at org.json.JSONObject.populateMap(JSONObject.java:1479)
at org.json.JSONObject.<init>(JSONObject.java:364)
at org.json.JSONObject.wrap(JSONObject.java:2374)
at org.json.JSONArray.<init>(JSONArray.java:200)
at org.json.JSONObject.wrap(JSONObject.java:2360)
at org.json.JSONObject.populateMap(JSONObject.java:1479)
at org.json.JSONObject.<init>(JSONObject.java:364)
at org.json.JSONObject.wrap(JSONObject.java:2374)
at org.json.JSONArray.<init>(JSONArray.java:200)
at org.json.JSONObject.wrap(JSONObject.java:2360)
at org.json.JSONObject.populateMap(JSONObject.java:1479)
at org.json.JSONObject.<init>(JSONObject.java:364)
at org.json.JSONObject.wrap(JSONObject.java:2374)
at org.json.JSONArray.<init>(JSONArray.java:200)
at org.json.JSONObject.wrap(JSONObject.java:2360)
at org.json.JSONObject.populateMap(JSONObject.java:1479)
at org.json.JSONObject.<init>(JSONObject.java:364)
at org.json.JSONObject.wrap(JSONObject.java:2374)
at org.json.JSONArray.<init>(JSONArray.java:200)
at org.json.JSONObject.wrap(JSONObject.java:2360)
at org.json.JSONObject.populateMap(JSONObject.java:1479)
at org.json.JSONObject.<init>(JSONObject.java:364)
at org.json.JSONObject.wrap(JSONObject.java:2374)
at org.json.JSONArray.<init>(JSONArray.java:200)
at org.json.JSONObject.wrap(JSONObject.java:2360)
at org.json.JSONObject.populateMap(JSONObject.java:1479)
at org.json.JSONObject.<init>(JSONObject.java:364)
at org.json.JSONObject.wrap(JSONObject.java:2374)
at org.json.JSONArray.<init>(JSONArray.java:200)
at org.json.JSONObject.wrap(JSONObject.java:2360)
at org.json.JSONObject.populateMap(JSONObject.java:1479)
at org.json.JSONObject.<init>(JSONObject.java:364)
at org.json.JSONObject.wrap(JSONObject.java:2374)
at org.json.JSONArray.<init>(JSONArray.java:200)
at org.json.JSONObject.wrap(JSONObject.java:2360)
at org.json.JSONObject.populateMap(JSONObject.java:1479)
at org.json.JSONObject.<init>(JSONObject.java:364)
at org.json.JSONObject.wrap(JSONObject.java:2374)
at org.json.JSONArray.<init>(JSONArray.java:200)
at org.json.JSONObject.wrap(JSONObject.java:2360)
at org.json.JSONObject.populateMap(JSONObject.java:1479)
at org.json.JSONObject.<init>(JSONObject.java:364)
at org.json.JSONObject.wrap(JSONObject.java:2374)
at org.json.JSONArray.<init>(JSONArray.java:200)
at org.json.JSONObject.wrap(JSONObject.java:2360)
at org.json.JSONObject.populateMap(JSONObject.java:1479)
at org.json.JSONObject.<init>(JSONObject.java:364)
at org.json.JSONObject.wrap(JSONObject.java:2374)
at org.json.JSONArray.<init>(JSONArray.java:200)
at org.json.JSONObject.wrap(JSONObject.java:2360)
at org.json.JSONObject.populateMap(JSONObject.java:1479)
at org.json.JSONObject.<init>(JSONObject.java:364)
at org.json.JSONObject.wrap(JSONObject.java:2374)
at org.json.JSONArray.<init>(JSONArray.java:200)
at org.json.JSONObject.wrap(JSONObject.java:2360)
at org.json.JSONObject.populateMap(JSONObject.java:1479)
at org.json.JSONObject.<init>(JSONObject.java:364)
at org.json.JSONObject.wrap(JSONObject.java:2374)
at org.json.JSONArray.<init>(JSONArray.java:200)
at org.json.JSONObject.wrap(JSONObject.java:2360)
at org.json.JSONObject.populateMap(JSONObject.java:1479)
at org.json.JSONObject.<init>(JSONObject.java:364)
at org.json.JSONObject.wrap(JSONObject.java:2374)
at org.json.JSONArray.<init>(JSONArray.java:200)
at org.json.JSONObject.wrap(JSONObject.java:2360)
at org.json.JSONObject.populateMap(JSONObject.java:1479)
at org.json.JSONObject.<init>(JSONObject.java:364)
at org.json.JSONObject.wrap(JSONObject.java:2374)
at org.json.JSONArray.<init>(JSONArray.java:200)
at org.json.JSONObject.wrap(JSONObject.java:2360)
at org.json.JSONObject.populateMap(JSONObject.java:1479)
at org.json.JSONObject.<init>(JSONObject.java:364)
at org.json.JSONObject.wrap(JSONObject.java:2374)
at org.json.JSONArray.<init>(JSONArray.java:200)
at org.json.JSONObject.wrap(JSONObject.java:2360)
at org.json.JSONObject.populateMap(JSONObject.java:1479)
at org.json.JSONObject.<init>(JSONObject.java:364)
at org.json.JSONObject.wrap(JSONObject.java:2374)
at org.json.JSONArray.<init>(JSONArray.java:200)
at org.json.JSONObject.wrap(JSONObject.java:2360)
at org.json.JSONObject.populateMap(JSONObject.java:1479)
at org.json.JSONObject.<init>(JSONObject.java:364)
at org.json.JSONObject.wrap(JSONObject.java:2374)
at org.json.JSONArray.<init>(JSONArray.java:200)
at org.json.JSONObject.wrap(JSONObject.java:2360)
at org.json.JSONObject.populateMap(JSONObject.java:1479)
at org.json.JSONObject.<init>(JSONObject.java:364)
at org.json.JSONObject.wrap(JSONObject.java:2374)
at org.json.JSONArray.<init>(JSONArray.java:200)
at org.json.JSONObject.wrap(JSONObject.java:2360)
at org.json.JSONObject.populateMap(JSONObject.java:1479)
at org.json.JSONObject.<init>(JSONObject.java:364)
at org.json.JSONObject.wrap(JSONObject.java:2374)
at org.json.JSONArray.<init>(JSONArray.java:200)
at org.json.JSONObject.wrap(JSONObject.java:2360)
at org.json.JSONObject.populateMap(JSONObject.java:1479)
at org.json.JSONObject.<init>(JSONObject.java:364)
at org.json.JSONObject.wrap(JSONObject.java:2374)
at org.json.JSONArray.<init>(JSONArray.java:200)
at org.json.JSONObject.wrap(JSONObject.java:2360)
at org.json.JSONObject.populateMap(JSONObject.java:1479)
at org.json.JSONObject.<init>(JSONObject.java:364)
at org.json.JSONObject.wrap(JSONObject.java:2374)
at org.json.JSONArray.<init>(JSONArray.java:200)
at org.json.JSONObject.wrap(JSONObject.java:2360)
at org.json.JSONObject.populateMap(JSONObject.java:1479)
at org.json.JSONObject.<init>(JSONObject.java:364)
at org.json.JSONObject.wrap(JSONObject.java:2374)
at org.json.JSONArray.<init>(JSONArray.java:200)
at org.json.JSONObject.wrap(JSONObject.java:2360)
at org.json.JSONObject.populateMap(JSONObject.java:1479)
at org.json.JSONObject.<init>(JSONObject.java:364)
at org.json.JSONObject.wrap(JSONObject.java:2374)
at org.json.JSONArray.<init>(JSONArray.java:200)
at org.json.JSONObject.wrap(JSONObject.java:2360)
at org.json.JSONObject.populateMap(JSONObject.java:1479)
at org.json.JSONObject.<init>(JSONObject.java:364)
at org.json.JSONObject.wrap(JSONObject.java:2374)
at org.json.JSONArray.<init>(JSONArray.java:200)
at org.json.JSONObject.wrap(JSONObject.java:2360)
at org.json.JSONObject.populateMap(JSONObject.java:1479)
at org.json.JSONObject.<init>(JSONObject.java:364)
at org.json.JSONObject.wrap(JSONObject.java:2374)
at org.json.JSONArray.<init>(JSONArray.java:200)
at org.json.JSONObject.wrap(JSONObject.java:2360)
at org.json.JSONObject.populateMap(JSONObject.java:1479)
at org.json.JSONObject.<init>(JSONObject.java:364)
at org.json.JSONObject.wrap(JSONObject.java:2374)
at org.json.JSONArray.<init>(JSONArray.java:200)
at org.json.JSONObject.wrap(JSONObject.java:2360)
at org.json.JSONObject.populateMap(JSONObject.java:1479)
at org.json.JSONObject.<init>(JSONObject.java:364)
at org.json.JSONObject.wrap(JSONObject.java:2374)
at org.json.JSONArray.<init>(JSONArray.java:200)
at org.json.JSONObject.wrap(JSONObject.java:2360)
at org.json.JSONObject.populateMap(JSONObject.java:1479)
at org.json.JSONObject.<init>(JSONObject.java:364)
at org.json.JSONObject.wrap(JSONObject.java:2374)
at org.json.JSONArray.<init>(JSONArray.java:200)
at org.json.JSONObject.wrap(JSONObject.java:2360)
at org.json.JSONObject.populateMap(JSONObject.java:1479)
at org.json.JSONObject.<init>(JSONObject.java:364)
at org.json.JSONObject.wrap(JSONObject.java:2374)
at org.json.JSONArray.<init>(JSONArray.java:200)
at org.json.JSONObject.wrap(JSONObject.java:2360)
at org.json.JSONObject.populateMap(JSONObject.java:1479)
at org.json.JSONObject.<init>(JSONObject.java:364)
at org.json.JSONObject.wrap(JSONObject.java:2374)
at org.json.JSONArray.<init>(JSONArray.java:200)
at org.json.JSONObject.wrap(JSONObject.java:2360)
at org.json.JSONObject.populateMap(JSONObject.java:1479)
at org.json.JSONObject.<init>(JSONObject.java:364)
at org.json.JSONObject.wrap(JSONObject.java:2374)
at org.json.JSONArray.<init>(JSONArray.java:200)
at org.json.JSONObject.wrap(JSONObject.java:2360)
at org.json.JSONObject.populateMap(JSONObject.java:1479)
at org.json.JSONObject.<init>(JSONObject.java:364)
at org.json.JSONObject.wrap(JSONObject.java:2374)
at org.json.JSONArray.<init>(JSONArray.java:200)
at org.json.JSONObject.wrap(JSONObject.java:2360)
at org.json.JSONObject.populateMap(JSONObject.java:1479)
at org.json.JSONObject.<init>(JSONObject.java:364)
at org.json.JSONObject.wrap(JSONObject.java:2374)
at org.json.JSONArray.<init>(JSONArray.java:200)
at org.json.JSONObject.wrap(JSONObject.java:2360)
at org.json.JSONObject.populateMap(JSONObject.java:1479)
at org.json.JSONObject.<init>(JSONObject.java:364)
at org.json.JSONObject.wrap(JSONObject.java:2374)
at org.json.JSONArray.<init>(JSONArray.java:200)
at org.json.JSONObject.wrap(JSONObject.java:2360)
at org.json.JSONObject.populateMap(JSONObject.java:1479)
at org.json.JSONObject.<init>(JSONObject.java:364)
at org.json.JSONObject.wrap(JSONObject.java:2374)
at org.json.JSONArray.<init>(JSONArray.java:200)
at org.json.JSONObject.wrap(JSONObject.java:2360)
at org.json.JSONObject.populateMap(JSONObject.java:1479)
at org.json.JSONObject.<init>(JSONObject.java:364)
at org.json.JSONObject.wrap(JSONObject.java:2374)
at org.json.JSONArray.<init>(JSONArray.java:200)
at org.json.JSONObject.wrap(JSONObject.java:2360)
at org.json.JSONObject.populateMap(JSONObject.java:1479)
at org.json.JSONObject.<init>(JSONObject.java:364)
at org.json.JSONObject.wrap(JSONObject.java:2374)
at org.json.JSONArray.<init>(JSONArray.java:200)
at org.json.JSONObject.wrap(JSONObject.java:2360)
at org.json.JSONObject.populateMap(JSONObject.java:1479)
at org.json.JSONObject.<init>(JSONObject.java:364)
at org.json.JSONObject.wrap(JSONObject.java:2374)
at org.json.JSONArray.<init>(JSONArray.java:200)
at org.json.JSONObject.wrap(JSONObject.java:2360)
at org.json.JSONObject.populateMap(JSONObject.java:1479)
at org.json.JSONObject.<init>(JSONObject.java:364)
at org.json.JSONObject.wrap(JSONObject.java:2374)
at org.json.JSONArray.<init>(JSONArray.java:200)
at org.json.JSONObject.wrap(JSONObject.java:2360)
at org.json.JSONObject.populateMap(JSONObject.java:1479)
at org.json.JSONObject.<init>(JSONObject.java:364)
at org.json.JSONObject.wrap(JSONObject.java:2374)
at org.json.JSONArray.<init>(JSONArray.java:200)
at org.json.JSONObject.wrap(JSONObject.java:2360)
at org.json.JSONObject.populateMap(JSONObject.java:1479)
at org.json.JSONObject.<init>(JSONObject.java:364)
at org.json.JSONObject.wrap(JSONObject.java:2374)
at org.json.JSONArray.<init>(JSONArray.java:200)
at org.json.JSONObject.wrap(JSONObject.java:2360)
at org.json.JSONObject.populateMap(JSONObject.java:1479)
at org.json.JSONObject.<init>(JSONObject.java:364)
at org.json.JSONObject.wrap(JSONObject.java:2374)
at org.json.JSONArray.<init>(JSONArray.java:200)
at org.json.JSONObject.wrap(JSONObject.java:2360)
at org.json.JSONObject.populateMap(JSONObject.java:1479)
at org.json.JSONObject.<init>(JSONObject.java:364)
at org.json.JSONObject.wrap(JSONObject.java:2374)
at org.json.JSONArray.<init>(JSONArray.java:200)
at org.json.JSONObject.wrap(JSONObject.java:2360)
at org.json.JSONObject.populateMap(JSONObject.java:1479)
at org.json.JSONObject.<init>(JSONObject.java:364)
at org.json.JSONObject.wrap(JSONObject.java:2374)
at org.json.JSONArray.<init>(JSONArray.java:200)
at org.json.JSONObject.wrap(JSONObject.java:2360)
at org.json.JSONObject.populateMap(JSONObject.java:1479)
at org.json.JSONObject.<init>(JSONObject.java:364)
at org.json.JSONObject.wrap(JSONObject.java:2374)
at org.json.JSONArray.<init>(JSONArray.java:200)
at org.json.JSONObject.wrap(JSONObject.java:2360)
at org.json.JSONObject.populateMap(JSONObject.java:1479)
at org.json.JSONObject.<init>(JSONObject.java:364)
at org.json.JSONObject.wrap(JSONObject.java:2374)
at org.json.JSONArray.<init>(JSONArray.java:200)
at org.json.JSONObject.wrap(JSONObject.java:2360)
at org.json.JSONObject.populateMap(JSONObject.java:1479)
at org.json.JSONObject.<init>(JSONObject.java:364)
at org.json.JSONObject.wrap(JSONObject.java:2374)
at org.json.JSONArray.<init>(JSONArray.java:200)
at org.json.JSONObject.wrap(JSONObject.java:2360)
at org.json.JSONObject.populateMap(JSONObject.java:1479)
at org.json.JSONObject.<init>(JSONObject.java:364)
at org.json.JSONObject.wrap(JSONObject.java:2374)
at org.json.JSONArray.<init>(JSONArray.java:200)
at org.json.JSONObject.wrap(JSONObject.java:2360)
at org.json.JSONObject.populateMap(JSONObject.java:1479)
at org.json.JSONObject.<init>(JSONObject.java:364)
at org.json.JSONObject.wrap(JSONObject.java:2374)
at org.json.JSONArray.<init>(JSONArray.java:200)
at org.json.JSONObject.wrap(JSONObject.java:2360)
at org.json.JSONObject.populateMap(JSONObject.java:1479)
at org.json.JSONObject.<init>(JSONObject.java:364)
at org.json.JSONObject.wrap(JSONObject.java:2374)
at org.json.JSONArray.<init>(JSONArray.java:200)
at org.json.JSONObject.wrap(JSONObject.java:2360)
at org.json.JSONObject.populateMap(JSONObject.java:1479)
at org.json.JSONObject.<init>(JSONObject.java:364)
at org.json.JSONObject.wrap(JSONObject.java:2374)
at org.json.JSONArray.<init>(JSONArray.java:200)
at org.json.JSONObject.wrap(JSONObject.java:2360)
at org.json.JSONObject.populateMap(JSONObject.java:1479)
at org.json.JSONObject.<init>(JSONObject.java:364)
at org.json.JSONObject.wrap(JSONObject.java:2374)
at org.json.JSONArray.<init>(JSONArray.java:200)
at org.json.JSONObject.wrap(JSONObject.java:2360)
at org.json.JSONObject.populateMap(JSONObject.java:1479)
at org.json.JSONObject.<init>(JSONObject.java:364)
at org.json.JSONObject.wrap(JSONObject.java:2374)
at org.json.JSONArray.<init>(JSONArray.java:200)
at org.json.JSONObject.wrap(JSONObject.java:2360)
at org.json.JSONObject.populateMap(JSONObject.java:1479)
at org.json.JSONObject.<init>(JSONObject.java:364)
at org.json.JSONObject.wrap(JSONObject.java:2374)
at org.json.JSONArray.<init>(JSONArray.java:200)
at org.json.JSONObject.wrap(JSONObject.java:2360)
at org.json.JSONObject.populateMap(JSONObject.java:1479)
at org.json.JSONObject.<init>(JSONObject.java:364)
at org.json.JSONObject.wrap(JSONObject.java:2374)
at org.json.JSONArray.<init>(JSONArray.java:200)
at org.json.JSONObject.wrap(JSONObject.java:2360)
at org.json.JSONObject.populateMap(JSONObject.java:1479)
at org.json.JSONObject.<init>(JSONObject.java:364)
at org.json.JSONObject.wrap(JSONObject.java:2374)
at org.json.JSONArray.<init>(JSONArray.java:200)
at org.json.JSONObject.wrap(JSONObject.java:2360)
at org.json.JSONObject.populateMap(JSONObject.java:1479)
at org.json.JSONObject.<init>(JSONObject.java:364)
at org.json.JSONObject.wrap(JSONObject.java:2374)
at org.json.JSONArray.<init>(JSONArray.java:200)
at org.json.JSONObject.wrap(JSONObject.java:2360)
at org.json.JSONObject.populateMap(JSONObject.java:1479)
at org.json.JSONObject.<init>(JSONObject.java:364)
at org.json.JSONObject.wrap(JSONObject.java:2374)
at org.json.JSONArray.<init>(JSONArray.java:200)
at org.json.JSONObject.wrap(JSONObject.java:2360)
at org.json.JSONObject.populateMap(JSONObject.java:1479)
at org.json.JSONObject.<init>(JSONObject.java:364)
at org.json.JSONObject.wrap(JSONObject.java:2374)
at org.json.JSONArray.<init>(JSONArray.java:200)
at org.json.JSONObject.wrap(JSONObject.java:2360)
at org.json.JSONObject.populateMap(JSONObject.java:1479)
at org.json.JSONObject.<init>(JSONObject.java:364)
at org.json.JSONObject.wrap(JSONObject.java:2374)
at org.json.JSONArray.<init>(JSONArray.java:200)
at org.json.JSONObject.wrap(JSONObject.java:2360)
at org.json.JSONObject.populateMap(JSONObject.java:1479)
at org.json.JSONObject.<init>(JSONObject.java:364)
at org.json.JSONObject.wrap(JSONObject.java:2374)
at org.json.JSONArray.<init>(JSONArray.java:200)
at org.json.JSONObject.wrap(JSONObject.java:2360)
at org.json.JSONObject.populateMap(JSONObject.java:1479)
at org.json.JSONObject.<init>(JSONObject.java:364)
at org.json.JSONObject.wrap(JSONObject.java:2374)
at org.json.JSONArray.<init>(JSONArray.java:200)
at org.json.JSONObject.wrap(JSONObject.java:2360)
at org.json.JSONObject.populateMap(JSONObject.java:1479)
at org.json.JSONObject.<init>(JSONObject.java:364)
at org.json.JSONObject.wrap(JSONObject.java:2374)
at org.json.JSONArray.<init>(JSONArray.java:200)
at org.json.JSONObject.wrap(JSONObject.java:2360)
at org.json.JSONObject.populateMap(JSONObject.java:1479)
at org.json.JSONObject.<init>(JSONObject.java:364)
at org.json.JSONObject.wrap(JSONObject.java:2374)
at org.json.JSONArray.<init>(JSONArray.java:200)
at org.json.JSONObject.wrap(JSONObject.java:2360)
at org.json.JSONObject.populateMap(JSONObject.java:1479)
at org.json.JSONObject.<init>(JSONObject.java:364)
at org.json.JSONObject.wrap(JSONObject.java:2374)
at org.json.JSONArray.<init>(JSONArray.java:200)
at org.json.JSONObject.wrap(JSONObject.java:2360)
at org.json.JSONObject.populateMap(JSONObject.java:1479)
at org.json.JSONObject.<init>(JSONObject.java:364)
at org.json.JSONObject.wrap(JSONObject.java:2374)
at org.json.JSONArray.<init>(JSONArray.java:200)
at org.json.JSONObject.wrap(JSONObject.java:2360)
at org.json.JSONObject.populateMap(JSONObject.java:1479)
at org.json.JSONObject.<init>(JSONObject.java:364)
at org.json.JSONObject.wrap(JSONObject.java:2374)
at org.json.JSONArray.<init>(JSONArray.java:200)
at org.json.JSONObject.wrap(JSONObject.java:2360)
at org.json.JSONObject.populateMap(JSONObject.java:1479)
at org.json.JSONObject.<init>(JSONObject.java:364)
at org.json.JSONObject.wrap(JSONObject.java:2374)
at org.json.JSONArray.<init>(JSONArray.java:200)
at org.json.JSONObject.wrap(JSONObject.java:2360)
at org.json.JSONObject.populateMap(JSONObject.java:1479)
at org.json.JSONObject.<init>(JSONObject.java:364)
at org.json.JSONObject.wrap(JSONObject.java:2374)
at org.json.JSONArray.<init>(JSONArray.java:200)
at org.json.JSONObject.wrap(JSONObject.java:2360)
at org.json.JSONObject.populateMap(JSONObject.java:1479)
at org.json.JSONObject.<init>(JSONObject.java:364)
at org.json.JSONObject.wrap(JSONObject.java:2374)
at org.json.JSONArray.<init>(JSONArray.java:200)
at org.json.JSONObject.wrap(JSONObject.java:2360)
at org.json.JSONObject.populateMap(JSONObject.java:1479)
at org.json.JSONObject.<init>(JSONObject.java:364)
at org.json.JSONObject.wrap(JSONObject.java:2374)
at org.json.JSONArray.<init>(JSONArray.java:200)
at org.json.JSONObject.wrap(JSONObject.java:2360)
at org.json.JSONObject.populateMap(JSONObject.java:1479)
at org.json.JSONObject.<init>(JSONObject.java:364)
at org.json.JSONObject.wrap(JSONObject.java:2374)
at org.json.JSONArray.<init>(JSONArray.java:200)
at org.json.JSONObject.wrap(JSONObject.java:2360)
at org.json.JSONObject.populateMap(JSONObject.java:1479)
at org.json.JSONObject.<init>(JSONObject.java:364)
at org.json.JSONObject.wrap(JSONObject.java:2374)
at org.json.JSONArray.<init>(JSONArray.java:200)
at org.json.JSONObject.wrap(JSONObject.java:2360)
at org.json.JSONObject.populateMap(JSONObject.java:1479)
at org.json.JSONObject.<init>(JSONObject.java:364)
at org.json.JSONObject.wrap(JSONObject.java:2374)
at org.json.JSONArray.<init>(JSONArray.java:200)
at org.json.JSONObject.wrap(JSONObject.java:2360)
at org.json.JSONObject.populateMap(JSONObject.java:1479)
at org.json.JSONObject.<init>(JSONObject.java:364)
at org.json.JSONObject.wrap(JSONObject.java:2374)
at org.json.JSONArray.<init>(JSONArray.java:200)
at org.json.JSONObject.wrap(JSONObject.java:2360)
at org.json.JSONObject.populateMap(JSONObject.java:1479)
at org.json.JSONObject.<init>(JSONObject.java:364)
at org.json.JSONObject.wrap(JSONObject.java:2374)
at org.json.JSONArray.<init>(JSONArray.java:200)
at org.json.JSONObject.wrap(JSONObject.java:2360)
at org.json.JSONObject.populateMap(JSONObject.java:1479)
at org.json.JSONObject.<init>(JSONObject.java:364)
at org.json.JSONObject.wrap(JSONObject.java:2374)
at org.json.JSONArray.<init>(JSONArray.java:200)
at org.json.JSONObject.wrap(JSONObject.java:2360)
at org.json.JSONObject.populateMap(JSONObject.java:1479)
at org.json.JSONObject.<init>(JSONObject.java:364)
at org.json.JSONObject.wrap(JSONObject.java:2374)
at org.json.JSONArray.<init>(JSONArray.java:200)
at org.json.JSONObject.wrap(JSONObject.java:2360)
at org.json.JSONObject.populateMap(JSONObject.java:1479)
at org.json.JSONObject.<init>(JSONObject.java:364)
at org.json.JSONObject.wrap(JSONObject.java:2374)
at org.json.JSONArray.<init>(JSONArray.java:200)
at org.json.JSONObject.wrap(JSONObject.java:2360)
at org.json.JSONObject.populateMap(JSONObject.java:1479)
at org.json.JSONObject.<init>(JSONObject.java:364)
at org.json.JSONObject.wrap(JSONObject.java:2374)
at org.json.JSONArray.<init>(JSONArray.java:200)
at org.json.JSONObject.wrap(JSONObject.java:2360)
at org.json.JSONObject.populateMap(JSONObject.java:1479)
at org.json.JSONObject.<init>(JSONObject.java:364)
at org.json.JSONObject.wrap(JSONObject.java:2374)
at org.json.JSONArray.<init>(JSONArray.java:200)
at org.json.JSONObject.wrap(JSONObject.java:2360)
at org.json.JSONObject.populateMap(JSONObject.java:1479)
at org.json.JSONObject.<init>(JSONObject.java:364)
at org.json.JSONObject.wrap(JSONObject.java:2374)
at org.json.JSONArray.<init>(JSONArray.java:200)
at org.json.JSONObject.wrap(JSONObject.java:2360)
at org.json.JSONObject.populateMap(JSONObject.java:1479)
at org.json.JSONObject.<init>(JSONObject.java:364)
at org.json.JSONObject.wrap(JSONObject.java:2374)
at org.json.JSONArray.<init>(JSONArray.java:200)
at org.json.JSONObject.wrap(JSONObject.java:2360)
at org.json.JSONObject.populateMap(JSONObject.java:1479)
at org.json.JSONObject.<init>(JSONObject.java:364)
at org.json.JSONObject.wrap(JSONObject.java:2374)
at org.json.JSONArray.<init>(JSONArray.java:200)
at org.json.JSONObject.wrap(JSONObject.java:2360)
at org.json.JSONObject.populateMap(JSONObject.java:1479)
at org.json.JSONObject.<init>(JSONObject.java:364)
at org.json.JSONObject.wrap(JSONObject.java:2374)
at org.json.JSONArray.<init>(JSONArray.java:200)
at org.json.JSONObject.wrap(JSONObject.java:2360)
at org.json.JSONObject.populateMap(JSONObject.java:1479)
at org.json.JSONObject.<init>(JSONObject.java:364)
at org.json.JSONObject.wrap(JSONObject.java:2374)
at org.json.JSONArray.<init>(JSONArray.java:200)
at org.json.JSONObject.wrap(JSONObject.java:2360)
at org.json.JSONObject.populateMap(JSONObject.java:1479)
at org.json.JSONObject.<init>(JSONObject.java:364)
at org.json.JSONObject.wrap(JSONObject.java:2374)
at org.json.JSONArray.<init>(JSONArray.java:200)
at org.json.JSONObject.wrap(JSONObject.java:2360)
at org.json.JSONObject.populateMap(JSONObject.java:1479)
at org.json.JSONObject.<init>(JSONObject.java:364)
at org.json.JSONObject.wrap(JSONObject.java:2374)
at org.json.JSONArray.<init>(JSONArray.java:200)
at org.json.JSONObject.wrap(JSONObject.java:2360)
at org.json.JSONObject.populateMap(JSONObject.java:1479)
at org.json.JSONObject.<init>(JSONObject.java:364)
at org.json.JSONObject.wrap(JSONObject.java:2374)
at org.json.JSONArray.<init>(JSONArray.java:200)
at org.json.JSONObject.wrap(JSONObject.java:2360)
at org.json.JSONObject.populateMap(JSONObject.java:1479)
at org.json.JSONObject.<init>(JSONObject.java:364)
at org.json.JSONObject.wrap(JSONObject.java:2374)
at org.json.JSONArray.<init>(JSONArray.java:200)
at org.json.JSONObject.wrap(JSONObject.java:2360)
at org.json.JSONObject.populateMap(JSONObject.java:1479)
at org.json.JSONObject.<init>(JSONObject.java:364)
at org.json.JSONObject.wrap(JSONObject.java:2374)
at org.json.JSONArray.<init>(JSONArray.java:200)
at org.json.JSONObject.wrap(JSONObject.java:2360)
at org.json.JSONObject.populateMap(JSONObject.java:1479)
at org.json.JSONObject.<init>(JSONObject.java:364)
at org.json.JSONObject.wrap(JSONObject.java:2374)
at org.json.JSONArray.<init>(JSONArray.java:200)
at org.json.JSONObject.wrap(JSONObject.java:2360)
at org.json.JSONObject.populateMap(JSONObject.java:1479)
at org.json.JSONObject.<init>(JSONObject.java:364)
at org.json.JSONObject.wrap(JSONObject.java:2374)
at org.json.JSONArray.<init>(JSONArray.java:200)
at org.json.JSONObject.wrap(JSONObject.java:2360)
at org.json.JSONObject.populateMap(JSONObject.java:1479)
at org.json.JSONObject.<init>(JSONObject.java:364)
at org.json.JSONObject.wrap(JSONObject.java:2374)
at org.json.JSONArray.<init>(JSONArray.java:200)
at org.json.JSONObject.wrap(JSONObject.java:2360)
at org.json.JSONObject.populateMap(JSONObject.java:1479)
at org.json.JSONObject.<init>(JSONObject.java:364)
at org.json.JSONObject.wrap(JSONObject.java:2374)
at org.json.JSONArray.<init>(JSONArray.java:200)
at org.json.JSONObject.wrap(JSONObject.java:2360)
at org.json.JSONObject.populateMap(JSONObject.java:1479)
at org.json.JSONObject.<init>(JSONObject.java:364)
at org.json.JSONObject.wrap(JSONObject.java:2374)
at org.json.JSONArray.<init>(JSONArray.java:200)
at org.json.JSONObject.wrap(JSONObject.java:2360)
at org.json.JSONObject.populateMap(JSONObject.java:1479)
at org.json.JSONObject.<init>(JSONObject.java:364)
at org.json.JSONObject.wrap(JSONObject.java:2374)
at org.json.JSONArray.<init>(JSONArray.java:200)
at org.json.JSONObject.wrap(JSONObject.java:2360)
at org.json.JSONObject.populateMap(JSONObject.java:1479)
at org.json.JSONObject.<init>(JSONObject.java:364)
at org.json.JSONObject.wrap(JSONObject.java:2374)
at org.json.JSONArray.<init>(JSONArray.java:200)
at org.json.JSONObject.wrap(JSONObject.java:2360)
at org.json.JSONObject.populateMap(JSONObject.java:1479)
at org.json.JSONObject.<init>(JSONObject.java:364)
at org.json.JSONObject.wrap(JSONObject.java:2374)
at org.json.JSONArray.<init>(JSONArray.java:200)
at org.json.JSONObject.wrap(JSONObject.java:2360)
at org.json.JSONObject.populateMap(JSONObject.java:1479)
at org.json.JSONObject.<init>(JSONObject.java:364)
at org.json.JSONObject.wrap(JSONObject.java:2374)
at org.json.JSONArray.<init>(JSONArray.java:200)
at org.json.JSONObject.wrap(JSONObject.java:2360)
at org.json.JSONObject.populateMap(JSONObject.java:1479)
at org.json.JSONObject.<init>(JSONObject.java:364)
at org.json.JSONObject.wrap(JSONObject.java:2374)
at org.json.JSONArray.<init>(JSONArray.java:200)
at org.json.JSONObject.wrap(JSONObject.java:2360)
at org.json.JSONObject.populateMap(JSONObject.java:1479)
at org.json.JSONObject.<init>(JSONObject.java:364)
at org.json.JSONObject.wrap(JSONObject.java:2374)
at org.json.JSONArray.<init>(JSONArray.java:200)
at org.json.JSONObject.wrap(JSONObject.java:2360)
at org.json.JSONObject.populateMap(JSONObject.java:1479)
at org.json.JSONObject.<init>(JSONObject.java:364)
at org.json.JSONObject.wrap(JSONObject.java:2374)
at org.json.JSONArray.<init>(JSONArray.java:200)
at org.json.JSONObject.wrap(JSONObject.java:2360)
at org.json.JSONObject.populateMap(JSONObject.java:1479)
at org.json.JSONObject.<init>(JSONObject.java:364)
at org.json.JSONObject.wrap(JSONObject.java:2374)
at org.json.JSONArray.<init>(JSONArray.java:200)
at org.json.JSONObject.wrap(JSONObject.java:2360)
at org.json.JSONObject.populateMap(JSONObject.java:1479)
at org.json.JSONObject.<init>(JSONObject.java:364)
at org.json.JSONObject.wrap(JSONObject.java:2374)
at org.json.JSONArray.<init>(JSONArray.java:200)
at org.json.JSONObject.wrap(JSONObject.java:2360)
at org.json.JSONObject.populateMap(JSONObject.java:1479)
at org.json.JSONObject.<init>(JSONObject.java:364)
at org.json.JSONObject.wrap(JSONObject.java:2374)
at org.json.JSONArray.<init>(JSONArray.java:200)
at org.json.JSONObject.wrap(JSONObject.java:2360)
at org.json.JSONObject.populateMap(JSONObject.java:1479)
at org.json.JSONObject.<init>(JSONObject.java:364)
at org.json.JSONObject.wrap(JSONObject.java:2374)
at org.json.JSONArray.<init>(JSONArray.java:200)
at org.json.JSONObject.wrap(JSONObject.java:2360)
at org.json.JSONObject.populateMap(JSONObject.java:1479)
at org.json.JSONObject.<init>(JSONObject.java:364)
at org.json.JSONObject.wrap(JSONObject.java:2374)
at org.json.JSONArray.<init>(JSONArray.java:200)
at org.json.JSONObject.wrap(JSONObject.java:2360)
at org.json.JSONObject.populateMap(JSONObject.java:1479)
at org.json.JSONObject.<init>(JSONObject.java:364)
at org.json.JSONObject.wrap(JSONObject.java:2374)
at org.json.JSONArray.<init>(JSONArray.java:200)
at org.json.JSONObject.wrap(JSONObject.java:2360)
at org.json.JSONObject.populateMap(JSONObject.java:1479)
at org.json.JSONObject.<init>(JSONObject.java:364)
at org.json.JSONObject.wrap(JSONObject.java:2374)
at org.json.JSONArray.<init>(JSONArray.java:200)
at org.json.JSONObject.wrap(JSONObject.java:2360)
at org.json.JSONObject.populateMap(JSONObject.java:1479)
at org.json.JSONObject.<init>(JSONObject.java:364)
at org.json.JSONObject.wrap(JSONObject.java:2374)
at org.json.JSONArray.<init>(JSONArray.java:200)
at org.json.JSONObject.wrap(JSONObject.java:2360)
at org.json.JSONObject.populateMap(JSONObject.java:1479)
at org.json.JSONObject.<init>(JSONObject.java:364)
at org.json.JSONObject.wrap(JSONObject.java:2374)
at org.json.JSONArray.<init>(JSONArray.java:200)
at org.json.JSONObject.wrap(JSONObject.java:2360)
at org.json.JSONObject.populateMap(JSONObject.java:1479)
at org.json.JSONObject.<init>(JSONObject.java:364)
at org.json.JSONObject.wrap(JSONObject.java:2374)
at org.json.JSONArray.<init>(JSONArray.java:200)
at org.json.JSONObject.wrap(JSONObject.java:2360)
at org.json.JSONObject.populateMap(JSONObject.java:1479)
at org.json.JSONObject.<init>(JSONObject.java:364)
at org.json.JSONObject.wrap(JSONObject.java:2374)
at org.json.JSONArray.<init>(JSONArray.java:200)
at org.json.JSONObject.wrap(JSONObject.java:2360)
at org.json.JSONObject.populateMap(JSONObject.java:1479)
at org.json.JSONObject.<init>(JSONObject.java:364)
at org.json.JSONObject.wrap(JSONObject.java:2374)
at org.json.JSONArray.<init>(JSONArray.java:200)
at org.json.JSONObject.wrap(JSONObject.java:2360)
at org.json.JSONObject.populateMap(JSONObject.java:1479)
at org.json.JSONObject.<init>(JSONObject.java:364)
at org.json.JSONObject.wrap(JSONObject.java:2374)
at org.json.JSONArray.<init>(JSONArray.java:200)
at org.json.JSONObject.wrap(JSONObject.java:2360)
at org.json.JSONObject.populateMap(JSONObject.java:1479)
at org.json.JSONObject.<init>(JSONObject.java:364)
at org.json.JSONObject.wrap(JSONObject.java:2374)
at org.json.JSONArray.<init>(JSONArray.java:200)
at org.json.JSONObject.wrap(JSONObject.java:2360)
at org.json.JSONObject.populateMap(JSONObject.java:1479)
at org.json.JSONObject.<init>(JSONObject.java:364)
at org.json.JSONObject.wrap(JSONObject.java:2374)
at org.json.JSONArray.<init>(JSONArray.java:200)
at org.json.JSONObject.wrap(JSONObject.java:2360)
at org.json.JSONObject.populateMap(JSONObject.java:1479)
at org.json.JSONObject.<init>(JSONObject.java:364)
at org.json.JSONObject.wrap(JSONObject.java:2374)
at org.json.JSONArray.<init>(JSONArray.java:200)
at org.json.JSONObject.wrap(JSONObject.java:2360)
at org.json.JSONObject.populateMap(JSONObject.java:1479)
at org.json.JSONObject.<init>(JSONObject.java:364)
at org.json.JSONObject.wrap(JSONObject.java:2374)
at org.json.JSONArray.<init>(JSONArray.java:200)
at org.json.JSONObject.wrap(JSONObject.java:2360)
at org.json.JSONObject.populateMap(JSONObject.java:1479)
at org.json.JSONObject.<init>(JSONObject.java:364)
at org.json.JSONObject.wrap(JSONObject.java:2374)
at org.json.JSONArray.<init>(JSONArray.java:200)
at org.json.JSONObject.wrap(JSONObject.java:2360)
at org.json.JSONObject.populateMap(JSONObject.java:1479)
at org.json.JSONObject.<init>(JSONObject.java:364)
at org.json.JSONObject.wrap(JSONObject.java:2374)
at org.json.JSONArray.<init>(JSONArray.java:200)
at org.json.JSONObject.wrap(JSONObject.java:2360)
at org.json.JSONObject.populateMap(JSONObject.java:1479)
at org.json.JSONObject.<init>(JSONObject.java:364)
at org.json.JSONObject.wrap(JSONObject.java:2374)
at org.json.JSONArray.<init>(JSONArray.java:200)
at org.json.JSONObject.wrap(JSONObject.java:2360)
at org.json.JSONObject.populateMap(JSONObject.java:1479)
at org.json.JSONObject.<init>(JSONObject.java:364)
at org.json.JSONObject.wrap(JSONObject.java:2374)
at org.json.JSONArray.<init>(JSONArray.java:200)
at org.json.JSONObject.wrap(JSONObject.java:2360)
at org.json.JSONObject.populateMap(JSONObject.java:1479)
at org.json.JSONObject.<init>(JSONObject.java:364)
at org.json.JSONObject.wrap(JSONObject.java:2374)
at org.json.JSONArray.<init>(JSONArray.java:200)
at org.json.JSONObject.wrap(JSONObject.java:2360)
at org.json.JSONObject.populateMap(JSONObject.java:1479)
at org.json.JSONObject.<init>(JSONObject.java:364)
at org.json.JSONObject.wrap(JSONObject.java:2374)
at org.json.JSONArray.<init>(JSONArray.java:200)
at org.json.JSONObject.wrap(JSONObject.java:2360)
at org.json.JSONObject.populateMap(JSONObject.java:1479)
at org.json.JSONObject.<init>(JSONObject.java:364)
at org.json.JSONObject.wrap(JSONObject.java:2374)
at org.json.JSONArray.<init>(JSONArray.java:200)
at org.json.JSONObject.wrap(JSONObject.java:2360)
at org.json.JSONObject.populateMap(JSONObject.java:1479)
at org.json.JSONObject.<init>(JSONObject.java:364)
at org.json.JSONObject.wrap(JSONObject.java:2374)
at org.json.JSONArray.<init>(JSONArray.java:200)
at org.json.JSONObject.wrap(JSONObject.java:2360)
at org.json.JSONObject.populateMap(JSONObject.java:1479)
at org.json.JSONObject.<init>(JSONObject.java:364)
at org.json.JSONObject.wrap(JSONObject.java:2374)
at org.json.JSONArray.<init>(JSONArray.java:200)
at org.json.JSONObject.wrap(JSONObject.java:2360)
at org.json.JSONObject.populateMap(JSONObject.java:1479)
at org.json.JSONObject.<init>(JSONObject.java:364)
at org.json.JSONObject.wrap(JSONObject.java:2374)
at org.json.JSONArray.<init>(JSONArray.java:200)
at org.json.JSONObject.wrap(JSONObject.java:2360)
at org.json.JSONObject.populateMap(JSONObject.java:1479)
at org.json.JSONObject.<init>(JSONObject.java:364)
at org.json.JSONObject.wrap(JSONObject.java:2374)
at org.json.JSONArray.<init>(JSONArray.java:200)
at org.json.JSONObject.wrap(JSONObject.java:2360)
at org.json.JSONObject.populateMap(JSONObject.java:1479)
at org.json.JSONObject.<init>(JSONObject.java:364)
at org.json.JSONObject.wrap(JSONObject.java:2374)
at org.json.JSONArray.<init>(JSONArray.java:200)
at org.json.JSONObject.wrap(JSONObject.java:2360)
at org.json.JSONObject.populateMap(JSONObject.java:1479)
at org.json.JSONObject.<init>(JSONObject.java:364)
at org.json.JSONObject.wrap(JSONObject.java:2374)
at org.json.JSONArray.<init>(JSONArray.java:200)
at org.json.JSONObject.wrap(JSONObject.java:2360)
at org.json.JSONObject.populateMap(JSONObject.java:1479)
at org.json.JSONObject.<init>(JSONObject.java:364)
at org.json.JSONObject.wrap(JSONObject.java:2374)
at org.json.JSONArray.<init>(JSONArray.java:200)
at org.json.JSONObject.wrap(JSONObject.java:2360)
at org.json.JSONObject.populateMap(JSONObject.java:1479)
at org.json.JSONObject.<init>(JSONObject.java:364)
at org.json.JSONObject.wrap(JSONObject.java:2374)
at org.json.JSONArray.<init>(JSONArray.java:200)
at org.json.JSONObject.wrap(JSONObject.java:2360)
at org.json.JSONObject.populateMap(JSONObject.java:1479)
at org.json.JSONObject.<init>(JSONObject.java:364)
at org.json.JSONObject.wrap(JSONObject.java:2374)
at org.json.JSONArray.<init>(JSONArray.java:200)
at org.json.JSONObject.wrap(JSONObject.java:2360)
at org.json.JSONObject.populateMap(JSONObject.java:1479)
at org.json.JSONObject.<init>(JSONObject.java:364)
at org.json.JSONObject.wrap(JSONObject.java:2374)
at org.json.JSONArray.<init>(JSONArray.java:200)
at org.json.JSONObject.wrap(JSONObject.java:2360)
at org.json.JSONObject.populateMap(JSONObject.java:1479)
at org.json.JSONObject.<init>(JSONObject.java:364)
at org.json.JSONObject.wrap(JSONObject.java:2374)
at org.json.JSONArray.<init>(JSONArray.java:200)
at org.json.JSONObject.wrap(JSONObject.java:2360)
at org.json.JSONObject.populateMap(JSONObject.java:1479)
at org.json.JSONObject.<init>(JSONObject.java:364)
at org.json.JSONObject.wrap(JSONObject.java:2374)
at org.json.JSONArray.<init>(JSONArray.java:200)
at org.json.JSONObject.wrap(JSONObject.java:2360)
at org.json.JSONObject.populateMap(JSONObject.java:1479)
at org.json.JSONObject.<init>(JSONObject.java:364)
at org.json.JSONObject.wrap(JSONObject.java:2374)
at org.json.JSONArray.<init>(JSONArray.java:200)
at org.json.JSONObject.wrap(JSONObject.java:2360)
at org.json.JSONObject.populateMap(JSONObject.java:1479)
at org.json.JSONObject.<init>(JSONObject.java:364)
at org.json.JSONObject.wrap(JSONObject.java:2374)
at org.json.JSONArray.<init>(JSONArray.java:200)
at org.json.JSONObject.wrap(JSONObject.java:2360)
at org.json.JSONObject.populateMap(JSONObject.java:1479)
at org.json.JSONObject.<init>(JSONObject.java:364)
at org.json.JSONObject.wrap(JSONObject.java:2374)
at org.json.JSONArray.<init>(JSONArray.java:200)
at org.json.JSONObject.wrap(JSONObject.java:2360)
at org.json.JSONObject.populateMap(JSONObject.java:1479)
at org.json.JSONObject.<init>(JSONObject.java:364)
at org.json.JSONObject.wrap(JSONObject.java:2374)
at org.json.JSONArray.<init>(JSONArray.java:200)
at org.json.JSONObject.wrap(JSONObject.java:2360)
at org.json.JSONObject.populateMap(JSONObject.java:1479)
at org.json.JSONObject.<init>(JSONObject.java:364)
at org.json.JSONObject.wrap(JSONObject.java:2374)
at org.json.JSONArray.<init>(JSONArray.java:200)
at org.json.JSONObject.wrap(JSONObject.java:2360)
at org.json.JSONObject.populateMap(JSONObject.java:1479)
at org.json.JSONObject.<init>(JSONObject.java:364)
at org.json.JSONObject.wrap(JSONObject.java:2374)
at org.json.JSONArray.<init>(JSONArray.java:200)
at org.json.JSONObject.wrap(JSONObject.java:2360)
at org.json.JSONObject.populateMap(JSONObject.java:1479)
at org.json.JSONObject.<init>(JSONObject.java:364)
at org.json.JSONObject.wrap(JSONObject.java:2374)
at org.json.JSONArray.<init>(JSONArray.java:200)
at org.json.JSONObject.wrap(JSONObject.java:2360)
at org.json.JSONObject.populateMap(JSONObject.java:1479)
at org.json.JSONObject.<init>(JSONObject.java:364)
at org.json.JSONObject.wrap(JSONObject.java:2374)
at org.json.JSONArray.<init>(JSONArray.java:200)
at org.json.JSONObject.wrap(JSONObject.java:2360)
at org.json.JSONObject.populateMap(JSONObject.java:1479)
at org.json.JSONObject.<init>(JSONObject.java:364)
at org.json.JSONObject.wrap(JSONObject.java:2374)
at org.json.JSONArray.<init>(JSONArray.java:200)
at org.json.JSONObject.wrap(JSONObject.java:2360)
at org.json.JSONObject.populateMap(JSONObject.java:1479)
at org.json.JSONObject.<init>(JSONObject.java:364)
at org.json.JSONObject.wrap(JSONObject.java:2374)
at org.json.JSONArray.<init>(JSONArray.java:200)
at org.json.JSONObject.wrap(JSONObject.java:2360)
at org.json.JSONObject.populateMap(JSONObject.java:1479)
at org.json.JSONObject.<init>(JSONObject.java:364)
at org.json.JSONObject.wrap(JSONObject.java:2374)
at org.json.JSONArray.<init>(JSONArray.java:200)
at org.json.JSONObject.wrap(JSONObject.java:2360)
at org.json.JSONObject.populateMap(JSONObject.java:1479)
at org.json.JSONObject.<init>(JSONObject.java:364)
at org.json.JSONObject.wrap(JSONObject.java:2374)
at org.json.JSONArray.<init>(JSONArray.java:200)
at org.json.JSONObject.wrap(JSONObject.java:2360)
at org.json.JSONObject.populateMap(JSONObject.java:1479)
at org.json.JSONObject.<init>(JSONObject.java:364)
at org.json.JSONObject.wrap(JSONObject.java:2374)
at org.json.JSONArray.<init>(JSONArray.java:200)
at org.json.JSONObject.wrap(JSONObject.java:2360)
at org.json.JSONObject.populateMap(JSONObject.java:1479)
at org.json.JSONObject.<init>(JSONObject.java:364)
at org.json.JSONObject.wrap(JSONObject.java:2374)
at org.json.JSONArray.<init>(JSONArray.java:200)
at org.json.JSONObject.wrap(JSONObject.java:2360)
at org.json.JSONObject.populateMap(JSONObject.java:1479)
at org.json.JSONObject.<init>(JSONObject.java:364)
at org.json.JSONObject.wrap(JSONObject.java:2374)
at org.json.JSONArray.<init>(JSONArray.java:200)
at org.json.JSONObject.wrap(JSONObject.java:2360)
at org.json.JSONObject.populateMap(JSONObject.java:1479)
at org.json.JSONObject.<init>(JSONObject.java:364)
at org.json.JSONObject.wrap(JSONObject.java:2374)
at org.json.JSONArray.<init>(JSONArray.java:200)
at org.json.JSONObject.wrap(JSONObject.java:2360)
at org.json.JSONObject.populateMap(JSONObject.java:1479)
at org.json.JSONObject.<init>(JSONObject.java:364)
at org.json.JSONObject.wrap(JSONObject.java:2374)
at org.json.JSONArray.<init>(JSONArray.java:200)
at org.json.JSONObject.wrap(JSONObject.java:2360)
at org.json.JSONObject.populateMap(JSONObject.java:1479)
at org.json.JSONObject.<init>(JSONObject.java:364)
at org.json.JSONObject.wrap(JSONObject.java:2374)
at org.json.JSONArray.<init>(JSONArray.java:200)
at org.json.JSONObject.wrap(JSONObject.java:2360)
at org.json.JSONObject.populateMap(JSONObject.java:1479)
at org.json.JSONObject.<init>(JSONObject.java:364)
at org.json.JSONObject.wrap(JSONObject.java:2374)
at org.json.JSONArray.<init>(JSONArray.java:200)
at org.json.JSONObject.wrap(JSONObject.java:2360)
at org.json.JSONObject.populateMap(JSONObject.java:1479)
at org.json.JSONObject.<init>(JSONObject.java:364)
at org.json.JSONObject.wrap(JSONObject.java:2374)
at org.json.JSONArray.<init>(JSONArray.java:200)
at org.json.JSONObject.wrap(JSONObject.java:2360)
at org.json.JSONObject.populateMap(JSONObject.java:1479)
at org.json.JSONObject.<init>(JSONObject.java:364)
at org.json.JSONObject.wrap(JSONObject.java:2374)
at org.json.JSONArray.<init>(JSONArray.java:200)
at org.json.JSONObject.wrap(JSONObject.java:2360)
at org.json.JSONObject.populateMap(JSONObject.java:1479)
at org.json.JSONObject.<init>(JSONObject.java:364)
at org.json.JSONObject.wrap(JSONObject.java:2374)
at org.json.JSONArray.<init>(JSONArray.java:200)
at org.json.JSONObject.wrap(JSONObject.java:2360)
at org.json.JSONObject.populateMap(JSONObject.java:1479)
at org.json.JSONObject.<init>(JSONObject.java:364)
at org.json.JSONObject.wrap(JSONObject.java:2374)
at org.json.JSONArray.<init>(JSONArray.java:200)
at org.json.JSONObject.wrap(JSONObject.java:2360)
at org.json.JSONObject.populateMap(JSONObject.java:1479)
at org.json.JSONObject.<init>(JSONObject.java:364)
at org.json.JSONObject.wrap(JSONObject.java:2374)
at org.json.JSONArray.<init>(JSONArray.java:200)
at org.json.JSONObject.wrap(JSONObject.java:2360)
at org.json.JSONObject.populateMap(JSONObject.java:1479)
at org.json.JSONObject.<init>(JSONObject.java:364)
at org.json.JSONObject.wrap(JSONObject.java:2374)
at org.json.JSONArray.<init>(JSONArray.java:200)
at org.json.JSONObject.wrap(JSONObject.java:2360)
at org.json.JSONObject.populateMap(JSONObject.java:1479)
at org.json.JSONObject.<init>(JSONObject.java:364)
at org.json.JSONObject.wrap(JSONObject.java:2374)
at org.json.JSONArray.<init>(JSONArray.java:200)
at org.json.JSONObject.wrap(JSONObject.java:2360)
at org.json.JSONObject.populateMap(JSONObject.java:1479)
at org.json.JSONObject.<init>(JSONObject.java:364)
at org.json.JSONObject.wrap(JSONObject.java:2374)
at org.json.JSONArray.<init>(JSONArray.java:200)
at org.json.JSONObject.wrap(JSONObject.java:2360)
at org.json.JSONObject.populateMap(JSONObject.java:1479)
at org.json.JSONObject.<init>(JSONObject.java:364)
at org.json.JSONObject.wrap(JSONObject.java:2374)
at org.json.JSONArray.<init>(JSONArray.java:200)
at org.json.JSONObject.wrap(JSONObject.java:2360)
at org.json.JSONObject.populateMap(JSONObject.java:1479)
at org.json.JSONObject.<init>(JSONObject.java:364)
at org.json.JSONObject.wrap(JSONObject.java:2374)
at org.json.JSONArray.<init>(JSONArray.java:200)
at org.json.JSONObject.wrap(JSONObject.java:2360)
at org.json.JSONObject.populateMap(JSONObject.java:1479)
at org.json.JSONObject.<init>(JSONObject.java:364)
at org.json.JSONObject.wrap(JSONObject.java:2374)
at org.json.JSONArray.<init>(JSONArray.java:200)
at org.json.JSONObject.wrap(JSONObject.java:2360)
at org.json.JSONObject.populateMap(JSONObject.java:1479)
at org.json.JSONObject.<init>(JSONObject.java:364)
at org.json.JSONObject.wrap(JSONObject.java:2374)
at org.json.JSONArray.<init>(JSONArray.java:200)
at org.json.JSONObject.wrap(JSONObject.java:2360)
at org.json.JSONObject.populateMap(JSONObject.java:1479)
at org.json.JSONObject.<init>(JSONObject.java:364)
at org.json.JSONObject.wrap(JSONObject.java:2374)
at org.json.JSONArray.<init>(JSONArray.java:200)
at org.json.JSONObject.wrap(JSONObject.java:2360)
at org.json.JSONObject.populateMap(JSONObject.java:1479)
at org.json.JSONObject.<init>(JSONObject.java:364)
at org.json.JSONObject.wrap(JSONObject.java:2374)
at org.json.JSONArray.<init>(JSONArray.java:200)
at org.json.JSONObject.wrap(JSONObject.java:2360)
at org.json.JSONObject.populateMap(JSONObject.java:1479)
at org.json.JSONObject.<init>(JSONObject.java:364)
at org.json.JSONObject.wrap(JSONObject.java:2374)
at org.json.JSONArray.<init>(JSONArray.java:200)
at org.json.JSONObject.wrap(JSONObject.java:2360)
at org.json.JSONObject.populateMap(JSONObject.java:1479)
at org.json.JSONObject.<init>(JSONObject.java:364)
at org.json.JSONObject.wrap(JSONObject.java:2374)
at org.json.JSONArray.<init>(JSONArray.java:200)
at org.json.JSONObject.wrap(JSONObject.java:2360)
at org.json.JSONObject.populateMap(JSONObject.java:1479)
at org.json.JSONObject.<init>(JSONObject.java:364)
at org.json.JSONObject.wrap(JSONObject.java:2374)
at org.json.JSONArray.<init>(JSONArray.java:200)
at org.json.JSONObject.wrap(JSONObject.java:2360)
at org.json.JSONObject.populateMap(JSONObject.java:1479)
at org.json.JSONObject.<init>(JSONObject.java:364)
at org.json.JSONObject.wrap(JSONObject.java:2374)
at org.json.JSONArray.<init>(JSONArray.java:200)
at org.json.JSONObject.wrap(JSONObject.java:2360)
at org.json.JSONObject.populateMap(JSONObject.java:1479)
at org.json.JSONObject.<init>(JSONObject.java:364)
at org.json.JSONObject.wrap(JSONObject.java:2374)
at org.json.JSONArray.<init>(JSONArray.java:200)
at org.json.JSONObject.wrap(JSONObject.java:2360)
at org.json.JSONObject.populateMap(JSONObject.java:1479)
at org.json.JSONObject.<init>(JSONObject.java:364)
at org.json.JSONObject.wrap(JSONObject.java:2374)
at org.json.JSONArray.<init>(JSONArray.java:200)
at org.json.JSONObject.wrap(JSONObject.java:2360)
at org.json.JSONObject.populateMap(JSONObject.java:1479)
at org.json.JSONObject.<init>(JSONObject.java:364)
at org.json.JSONObject.wrap(JSONObject.java:2374)
]]>
    </error>
  </testcase> <!-- getAccessToken -->
</testsuite> <!-- APItesting.APItesting.shribabu -->
