<?xml version="1.0" encoding="UTF-8"?>
<!-- Generated by org.testng.reporters.JUnitReportReporter -->
<testsuite hostname="MACBOOKPRO-D52B.gateway" failures="0" tests="3" name="APItesting.APItesting.excelDriven" time="2.624" errors="0" timestamp="2019-11-02T15:52:26 AEDT" skipped="0">
  <testcase classname="APItesting.APItesting.excelDriven" name="addBook" time="0.404"/>
  <testcase classname="APItesting.APItesting.excelDriven" name="addBook" time="1.831"/>
  <testcase classname="APItesting.APItesting.excelDriven" name="addBook" time="0.389"/>
</testsuite> <!-- APItesting.APItesting.excelDriven -->
