<?xml version="1.0" encoding="UTF-8"?>
<!-- Generated by org.testng.reporters.JUnitReportReporter -->
<testsuite hostname="Shridhars-MBP-2.gateway" failures="0" tests="1" name="APItesting.APItesting.basicm" time="11.398" errors="0" timestamp="2019-11-03T18:43:15 AEDT" skipped="0">
  <testcase classname="APItesting.APItesting.basicm" name="createPet" time="11.398"/>
</testsuite> <!-- APItesting.APItesting.basicm -->
