<?xml version="1.0" encoding="UTF-8"?>
<!-- Generated by org.testng.reporters.JUnitReportReporter -->
<testsuite hostname="MACBOOKPRO-D52B.gateway" failures="0" tests="1" name="APItesting.APItesting.StaticJson" time="1.926" errors="0" timestamp="2019-11-02T16:30:50 AEDT" skipped="0">
  <testcase classname="APItesting.APItesting.StaticJson" name="addBook" time="1.926"/>
</testsuite> <!-- APItesting.APItesting.StaticJson -->
