<?xml version="1.0" encoding="UTF-8"?>
<!-- Generated by org.testng.reporters.JUnitReportReporter -->
<testsuite hostname="MACBOOKPRO-D52B.gateway" failures="0" tests="1" name="APItesting.APItesting.oAuthTest" time="16.908" errors="0" timestamp="2019-11-02T21:28:12 AEDT" skipped="0">
  <testcase classname="APItesting.APItesting.oAuthTest" name="oAuthTestm" time="16.908"/>
</testsuite> <!-- APItesting.APItesting.oAuthTest -->
