<?xml version="1.0" encoding="UTF-8"?>
<!-- Generated by org.testng.reporters.JUnitReportReporter -->
<testsuite hostname="SHRIDHARS-MBP-2.gateway" failures="0" tests="1" name="APItesting.APItesting.oAuthPets" time="9.572" errors="0" timestamp="2019-11-03T13:02:02 AEDT" skipped="0">
  <testcase classname="APItesting.APItesting.oAuthPets" name="createPet" time="9.572"/>
</testsuite> <!-- APItesting.APItesting.oAuthPets -->
