<?xml version="1.0" encoding="UTF-8"?>
<!-- Generated by org.testng.reporters.JUnitReportReporter -->
<testsuite hostname="Shridhars-MBP-2.gateway" failures="0" tests="1" name="APItesting.APItesting.shribabu2" time="3.696" errors="0" timestamp="2019-11-03T18:31:20 AEDT" skipped="0">
  <testcase classname="APItesting.APItesting.shribabu2" name="getAccessToken" time="3.696"/>
</testsuite> <!-- APItesting.APItesting.shribabu2 -->
