<?xml version="1.0" encoding="UTF-8"?>
<!-- Generated by org.testng.reporters.JUnitReportReporter -->
<testsuite hostname="Shridhars-MacBook-Pro-2.local" failures="0" tests="1" name="APItesting.APItesting.basics5" time="3.251" errors="0" timestamp="2019-11-02T11:34:10 AEDT" skipped="0">
  <testcase classname="APItesting.APItesting.basics5" name="getPlaceAPI" time="3.251"/>
</testsuite> <!-- APItesting.APItesting.basics5 -->
