<?xml version="1.0" encoding="UTF-8"?>
<!-- Generated by org.testng.reporters.JUnitReportReporter -->
<testsuite hostname="Unknown.gateway" failures="0" tests="1" name="alpha.Demo" time="0.015" errors="0" timestamp="2019-11-13T18:18:37 AEDT" skipped="0">
  <testcase classname="alpha.Demo" name="logtest" time="0.015"/>
</testsuite> <!-- alpha.Demo -->
